\BOOKMARK [0][-]{chapter*.8}{Introducci\363n}{}% 1
\BOOKMARK [0][-]{chapter.1}{Estado del Arte}{}% 2
\BOOKMARK [1][-]{section.1.1}{Inicio de Sesi\363n \332nico}{chapter.1}% 3
\BOOKMARK [1][-]{section.1.2}{Autenticaci\363n basada en tokens}{chapter.1}% 4
\BOOKMARK [1][-]{section.1.3}{OpenID Connect}{chapter.1}% 5
\BOOKMARK [1][-]{section.1.4}{Otros protocolos de autenticaci\363n}{chapter.1}% 6
\BOOKMARK [2][-]{subsection.1.4.1}{SAML}{section.1.4}% 7
\BOOKMARK [2][-]{subsection.1.4.2}{Kerberos}{section.1.4}% 8
\BOOKMARK [1][-]{section.1.5}{LDAP}{chapter.1}% 9
\BOOKMARK [1][-]{section.1.6}{Active Directory}{chapter.1}% 10
\BOOKMARK [1][-]{section.1.7}{Okta}{chapter.1}% 11
\BOOKMARK [1][-]{section.1.8}{Gluu}{chapter.1}% 12
\BOOKMARK [1][-]{section.1.9}{Auth0}{chapter.1}% 13
\BOOKMARK [1][-]{section.1.10}{Keycloak}{chapter.1}% 14
\BOOKMARK [2][-]{subsection.1.10.1}{Caracter\355sticas}{section.1.10}% 15
\BOOKMARK [2][-]{subsection.1.10.2}{JSON Web Token}{section.1.10}% 16
\BOOKMARK [2][-]{subsection.1.10.3}{REST API}{section.1.10}% 17
\BOOKMARK [0][-]{chapter.2}{Propuesta de Sistema Central de Autenticaci\363n}{}% 18
\BOOKMARK [0][-]{chapter.3}{Detalles de Implementaci\363n y Experimentos}{}% 19
\BOOKMARK [1][-]{subsection.3.0.1}{Keycloak}{chapter.3}% 20
\BOOKMARK [0][-]{section*.27}{Conclusiones}{}% 21
\BOOKMARK [0][-]{section*.29}{Recomendaciones}{}% 22
\BOOKMARK [0][-]{chapter*.31}{Bibliograf\355a}{}% 23
